<?xml version="1.0" encoding="UTF-8"?>
<testng-results skipped="0" failed="0" total="1" passed="1">
  <reporter-output>
  </reporter-output>
  <suite name="Default suite" duration-ms="135618" started-at="2015-05-13T17:15:28Z" finished-at="2015-05-13T17:17:43Z">
    <groups>
    </groups>
    <test name="Default test" duration-ms="135618" started-at="2015-05-13T17:15:28Z" finished-at="2015-05-13T17:17:43Z">
      <class name="com.LoginAndRegisterModules.NTC_SignUp">
        <test-method status="PASS" signature="setup()[pri:0, instance:com.LoginAndRegisterModules.NTC_SignUp@1e643faf]" name="setup" is-config="true" duration-ms="45648" started-at="2015-05-13T22:45:28Z" finished-at="2015-05-13T22:46:13Z">
          <reporter-output>
          </reporter-output>
        </test-method> <!-- setup -->
        <test-method status="PASS" signature="signUp()[pri:0, instance:com.LoginAndRegisterModules.NTC_SignUp@1e643faf]" name="signUp" duration-ms="88614" started-at="2015-05-13T22:46:13Z" finished-at="2015-05-13T22:47:42Z">
          <reporter-output>
          </reporter-output>
        </test-method> <!-- signUp -->
        <test-method status="PASS" signature="tearDown()[pri:0, instance:com.LoginAndRegisterModules.NTC_SignUp@1e643faf]" name="tearDown" is-config="true" duration-ms="1344" started-at="2015-05-13T22:47:42Z" finished-at="2015-05-13T22:47:43Z">
          <reporter-output>
          </reporter-output>
        </test-method> <!-- tearDown -->
      </class> <!-- com.LoginAndRegisterModules.NTC_SignUp -->
    </test> <!-- Default test -->
  </suite> <!-- Default suite -->
</testng-results>
